08/04/2024 14:25:27 /index.html.GET took 71ms. User: unknown
08/04/2024 14:25:27 /css/index.css.GET took 0ms. User: unknown
08/04/2024 14:25:27 /js/login.js.GET took 1ms. User: unknown
08/04/2024 14:25:30 /api/login.POST took 225ms. User: unknown
08/04/2024 14:25:30 /tasks.html.GET took 0ms. User: unknown
08/04/2024 14:25:30 /js/tasks.js.GET took 2ms. User: unknown
08/04/2024 14:25:30 /css/site.css.GET took 2ms. User: unknown
08/04/2024 14:25:30 /Admin.GET took 96ms. User: 0
08/04/2024 14:25:30 /api/todo.GET took 99ms. User: 0
08/04/2024 14:25:32 /users.html.GET took 17ms. User: unknown
08/04/2024 14:25:32 /js/users.js.GET took 2ms. User: unknown
08/04/2024 14:25:32 /api/Allusers.GET took 11ms. User: 0
08/04/2024 14:25:42 /api/login.POST took 1ms. User: unknown
08/04/2024 14:25:42 /api/todo.GET took 1ms. User: 0
08/04/2024 14:25:42 /Admin.GET took 0ms. User: 0
08/04/2024 14:26:08 /index.html.GET took 84ms. User: unknown
08/04/2024 14:26:08 /css/index.css.GET took 1ms. User: unknown
08/04/2024 14:26:08 /js/login.js.GET took 1ms. User: unknown
08/04/2024 14:26:20 /api/login.POST took 393ms. User: unknown
08/04/2024 14:26:20 /tasks.html.GET took 0ms. User: unknown
08/04/2024 14:26:20 /css/site.css.GET took 0ms. User: unknown
08/04/2024 14:26:20 /js/tasks.js.GET took 0ms. User: unknown
08/04/2024 14:26:20 /Admin.GET took 133ms. User: 3
08/04/2024 14:26:20 /api/todo.GET took 142ms. User: 3
08/04/2024 14:26:29 /api/todo.POST took 73ms. User: 3
08/04/2024 14:26:29 /api/todo.GET took 1ms. User: 3
08/04/2024 14:26:30 /api/todo/15.DELETE took 10ms. User: 3
08/04/2024 14:26:30 /api/todo.GET took 1ms. User: 3
08/04/2024 14:27:12 /index.html.GET took 102ms. User: unknown
08/04/2024 14:27:12 /css/index.css.GET took 1ms. User: unknown
08/04/2024 14:27:12 /js/login.js.GET took 7ms. User: unknown
08/04/2024 14:27:12 /tasks.html.GET took 2ms. User: unknown
08/04/2024 14:27:12 /js/tasks.js.GET took 0ms. User: unknown
08/04/2024 14:27:12 /css/site.css.GET took 0ms. User: unknown
08/04/2024 14:27:12 /Admin.GET took 292ms. User: 3
08/04/2024 14:27:12 /api/todo.GET took 311ms. User: 3
08/04/2024 14:34:29 /index.html.GET took 49ms. User: unknown
08/04/2024 14:34:29 /css/index.css.GET took 1ms. User: unknown
08/04/2024 14:34:29 /js/login.js.GET took 1ms. User: unknown
08/04/2024 14:34:29 /tasks.html.GET took 1ms. User: unknown
08/04/2024 14:34:29 /js/tasks.js.GET took 0ms. User: unknown
08/04/2024 14:34:29 /css/site.css.GET took 0ms. User: unknown
08/04/2024 14:34:30 /Admin.GET took 192ms. User: 3
08/04/2024 14:34:30 /api/todo.GET took 205ms. User: 3
08/04/2024 14:34:32 /tasks.html.GET took 0ms. User: unknown
08/04/2024 14:34:32 /Admin.GET took 3ms. User: 3
08/04/2024 14:34:32 /api/todo.GET took 5ms. User: 3
08/04/2024 14:34:32 /tasks.html.GET took 0ms. User: unknown
08/04/2024 14:34:32 /Admin.GET took 0ms. User: 3
08/04/2024 14:34:32 /api/todo.GET took 0ms. User: 3
08/04/2024 14:34:32 /tasks.html.GET took 0ms. User: unknown
08/04/2024 14:34:32 /Admin.GET took 0ms. User: 3
08/04/2024 14:34:32 /api/todo.GET took 0ms. User: 3
08/04/2024 14:39:13 /index.html.GET took 64ms. User: unknown
08/04/2024 14:39:13 /css/index.css.GET took 1ms. User: unknown
08/04/2024 14:39:13 /js/login.js.GET took 1ms. User: unknown
08/04/2024 14:39:13 /tasks.html.GET took 3ms. User: unknown
08/04/2024 14:39:13 /css/site.css.GET took 0ms. User: unknown
08/04/2024 14:39:13 /js/tasks.js.GET took 2ms. User: unknown
08/04/2024 14:39:13 /Admin.GET took 212ms. User: 3
08/04/2024 14:39:13 /api/todo.GET took 228ms. User: 3
08/04/2024 14:39:15 /tasks.html.GET took 0ms. User: unknown
08/04/2024 14:39:15 /Admin.GET took 2ms. User: 3
08/04/2024 14:39:15 /api/todo.GET took 3ms. User: 3
08/04/2024 14:39:15 /tasks.html.GET took 0ms. User: unknown
08/04/2024 14:39:15 /Admin.GET took 0ms. User: 3
08/04/2024 14:39:15 /api/todo.GET took 0ms. User: 3
08/04/2024 14:39:15 /tasks.html.GET took 0ms. User: unknown
08/04/2024 14:39:15 /Admin.GET took 0ms. User: 3
08/04/2024 14:39:15 /api/todo.GET took 0ms. User: 3
08/04/2024 14:39:16 /tasks.html.GET took 0ms. User: unknown
08/04/2024 14:39:16 /Admin.GET took 0ms. User: 3
08/04/2024 14:39:16 /api/todo.GET took 0ms. User: 3
08/04/2024 14:39:16 /tasks.html.GET took 0ms. User: unknown
08/04/2024 14:39:16 /Admin.GET took 0ms. User: 3
08/04/2024 14:39:16 /api/todo.GET took 0ms. User: 3
08/04/2024 14:39:57 /index.html.GET took 45ms. User: unknown
08/04/2024 14:39:57 /js/login.js.GET took 1ms. User: unknown
08/04/2024 14:39:57 /css/index.css.GET took 1ms. User: unknown
08/04/2024 14:39:57 /tasks.html.GET took 0ms. User: unknown
08/04/2024 14:39:57 /js/tasks.js.GET took 0ms. User: unknown
08/04/2024 14:39:57 /css/site.css.GET took 0ms. User: unknown
08/04/2024 14:39:58 /Admin.GET took 200ms. User: 3
08/04/2024 14:39:58 /api/todo.GET took 212ms. User: 3
08/04/2024 14:39:59 /tasks.html.GET took 0ms. User: unknown
08/04/2024 14:39:59 /Admin.GET took 4ms. User: 3
08/04/2024 14:39:59 /api/todo.GET took 5ms. User: 3
08/04/2024 14:40:07 /Admin.GET took 5ms. User: unknown
08/04/2024 14:40:24 /tasks.html.GET took 0ms. User: unknown
08/04/2024 14:40:24 /css/site.css.GET took 0ms. User: unknown
08/04/2024 14:40:24 /js/tasks.js.GET took 0ms. User: unknown
08/04/2024 14:40:24 /Admin.GET took 0ms. User: unknown
08/04/2024 14:40:24 /api/todo.GET took 0ms. User: unknown
08/04/2024 14:40:24 /index.html.GET took 6ms. User: unknown
08/04/2024 14:40:24 /js/login.js.GET took 0ms. User: unknown
08/04/2024 14:40:24 /css/index.css.GET took 0ms. User: unknown
08/04/2024 14:40:28 /api/login.POST took 44ms. User: unknown
08/04/2024 14:40:28 /api/todo.GET took 9ms. User: 0
08/04/2024 14:40:28 /Admin.GET took 9ms. User: 0
08/04/2024 14:45:57 /index.html.GET took 49ms. User: unknown
08/04/2024 14:45:57 /css/index.css.GET took 0ms. User: unknown
08/04/2024 14:45:57 /js/login.js.GET took 0ms. User: unknown
08/04/2024 14:45:57 /tasks.html.GET took 1ms. User: unknown
08/04/2024 14:45:57 /js/tasks.js.GET took 0ms. User: unknown
08/04/2024 14:45:57 /css/site.css.GET took 0ms. User: unknown
08/04/2024 14:45:57 /api/todo.GET took 196ms. User: 0
08/04/2024 14:45:57 /Admin.GET took 198ms. User: 0
08/04/2024 14:45:59 /tasks.html.GET took 0ms. User: unknown
08/04/2024 14:45:59 /Admin.GET took 3ms. User: 0
08/04/2024 14:45:59 /api/todo.GET took 3ms. User: 0
08/04/2024 14:46:04 /tasks.html.GET took 0ms. User: unknown
08/04/2024 14:46:04 /js/tasks.js.GET took 0ms. User: unknown
08/04/2024 14:46:04 /css/site.css.GET took 0ms. User: unknown
08/04/2024 14:46:04 /api/todo.GET took 3ms. User: unknown
08/04/2024 14:46:04 /Admin.GET took 3ms. User: unknown
08/04/2024 14:46:04 /index.html.GET took 0ms. User: unknown
08/04/2024 14:46:04 /css/index.css.GET took 1ms. User: unknown
08/04/2024 14:46:04 /js/login.js.GET took 0ms. User: unknown
08/04/2024 14:46:19 /api/login.POST took 42ms. User: unknown
08/04/2024 14:46:19 /Admin.GET took 2ms. User: unknown
08/04/2024 14:46:19 /api/todo.GET took 2ms. User: unknown
08/04/2024 14:46:19 /Admin.GET took 0ms. User: unknown
08/04/2024 14:46:19 /api/todo.GET took 0ms. User: unknown
08/04/2024 14:46:19 /api/todo.GET took 0ms. User: unknown
08/04/2024 14:46:19 /Admin.GET took 0ms. User: unknown
08/04/2024 14:46:20 /Admin.GET took 0ms. User: unknown
08/04/2024 14:46:20 /api/todo.GET took 0ms. User: unknown
08/04/2024 14:46:20 /api/todo.GET took 0ms. User: unknown
08/04/2024 14:46:20 /Admin.GET took 0ms. User: unknown
08/04/2024 14:46:20 /Admin.GET took 0ms. User: unknown
08/04/2024 14:46:20 /api/todo.GET took 0ms. User: unknown
08/04/2024 14:46:20 /api/todo.GET took 0ms. User: unknown
08/04/2024 14:46:20 /Admin.GET took 0ms. User: unknown
08/04/2024 14:46:20 /Admin.GET took 0ms. User: unknown
08/04/2024 14:46:20 /api/todo.GET took 0ms. User: unknown
08/04/2024 14:46:20 /api/todo.GET took 0ms. User: unknown
08/04/2024 14:46:20 /Admin.GET took 0ms. User: unknown
08/04/2024 14:46:21 /Admin.GET took 0ms. User: unknown
08/04/2024 14:46:21 /api/todo.GET took 0ms. User: unknown
08/04/2024 14:46:21 /api/todo.GET took 0ms. User: unknown
08/04/2024 14:46:21 /Admin.GET took 0ms. User: unknown
08/04/2024 14:46:21 /api/todo.GET took 0ms. User: unknown
08/04/2024 14:46:21 /Admin.GET took 0ms. User: unknown
08/04/2024 14:46:21 /Admin.GET took 0ms. User: unknown
08/04/2024 14:46:21 /api/todo.GET took 0ms. User: unknown
08/04/2024 14:46:21 /api/todo.GET took 0ms. User: unknown
08/04/2024 14:46:21 /Admin.GET took 0ms. User: unknown
08/04/2024 14:46:21 /api/todo.GET took 0ms. User: unknown
08/04/2024 14:46:21 /Admin.GET took 0ms. User: unknown
08/04/2024 14:46:21 /Admin.GET took 0ms. User: unknown
08/04/2024 14:46:21 /api/todo.GET took 1ms. User: unknown
08/04/2024 14:46:22 /Admin.GET took 0ms. User: unknown
08/04/2024 14:46:22 /api/todo.GET took 0ms. User: unknown
08/04/2024 14:46:22 /Admin.GET took 0ms. User: unknown
08/04/2024 14:46:22 /api/todo.GET took 0ms. User: unknown
08/04/2024 14:46:22 /api/todo.GET took 0ms. User: unknown
08/04/2024 14:46:22 /Admin.GET took 0ms. User: unknown
08/04/2024 14:46:22 /Admin.GET took 0ms. User: unknown
08/04/2024 14:46:22 /api/todo.GET took 0ms. User: unknown
08/04/2024 14:46:22 /Admin.GET took 0ms. User: unknown
08/04/2024 14:46:22 /api/todo.GET took 3ms. User: unknown
08/04/2024 14:46:22 /api/todo.GET took 0ms. User: unknown
08/04/2024 14:46:22 /Admin.GET took 0ms. User: unknown
08/04/2024 14:46:23 /Admin.GET took 0ms. User: unknown
08/04/2024 14:46:23 /api/todo.GET took 0ms. User: unknown
08/04/2024 14:46:23 /Admin.GET took 0ms. User: unknown
08/04/2024 14:46:23 /api/todo.GET took 0ms. User: unknown
08/04/2024 14:46:23 /api/todo.GET took 0ms. User: unknown
08/04/2024 14:46:23 /Admin.GET took 0ms. User: unknown
08/04/2024 14:46:23 /Admin.GET took 0ms. User: unknown
08/04/2024 14:46:23 /api/todo.GET took 0ms. User: unknown
08/04/2024 14:46:23 /api/todo.GET took 0ms. User: unknown
08/04/2024 14:46:23 /Admin.GET took 1ms. User: unknown
08/04/2024 14:46:23 /api/todo.GET took 2ms. User: unknown
08/04/2024 14:46:23 /Admin.GET took 1ms. User: unknown
08/04/2024 14:46:24 /api/todo.GET took 0ms. User: unknown
08/04/2024 14:46:24 /Admin.GET took 0ms. User: unknown
08/04/2024 14:46:24 /api/todo.GET took 0ms. User: unknown
08/04/2024 14:46:24 /Admin.GET took 0ms. User: unknown
08/04/2024 14:46:24 /Admin.GET took 0ms. User: unknown
08/04/2024 14:46:24 /api/todo.GET took 0ms. User: unknown
08/04/2024 14:46:24 /api/todo.GET took 0ms. User: unknown
08/04/2024 14:46:24 /Admin.GET took 0ms. User: unknown
08/04/2024 14:46:24 /api/todo.GET took 0ms. User: unknown
08/04/2024 14:46:24 /Admin.GET took 0ms. User: unknown
08/04/2024 14:46:24 /Admin.GET took 0ms. User: unknown
08/04/2024 14:46:24 /api/todo.GET took 0ms. User: unknown
08/04/2024 14:46:25 /api/todo.GET took 0ms. User: unknown
08/04/2024 14:46:25 /Admin.GET took 0ms. User: unknown
08/04/2024 14:46:25 /api/todo.GET took 0ms. User: unknown
08/04/2024 14:46:25 /Admin.GET took 0ms. User: unknown
08/04/2024 14:46:25 /api/todo.GET took 0ms. User: unknown
08/04/2024 14:46:25 /Admin.GET took 0ms. User: unknown
08/04/2024 14:46:25 /api/todo.GET took 0ms. User: unknown
08/04/2024 14:46:25 /Admin.GET took 1ms. User: unknown
08/04/2024 14:46:25 /Admin.GET took 0ms. User: unknown
08/04/2024 14:46:25 /api/todo.GET took 0ms. User: unknown
08/04/2024 14:46:25 /api/todo.GET took 0ms. User: unknown
08/04/2024 14:46:25 /Admin.GET took 0ms. User: unknown
08/04/2024 14:46:26 /Admin.GET took 0ms. User: unknown
08/04/2024 14:46:26 /api/todo.GET took 0ms. User: unknown
08/04/2024 14:46:26 /Admin.GET took 0ms. User: unknown
08/04/2024 14:46:26 /api/todo.GET took 0ms. User: unknown
08/04/2024 14:46:28 /tasks.html.GET took 0ms. User: unknown
08/04/2024 14:46:28 /Admin.GET took 0ms. User: unknown
08/04/2024 14:46:28 /api/todo.GET took 0ms. User: unknown
08/04/2024 14:46:28 /Admin.GET took 0ms. User: unknown
08/04/2024 14:46:28 /api/todo.GET took 0ms. User: unknown
08/04/2024 14:46:28 /Admin.GET took 0ms. User: unknown
08/04/2024 14:46:28 /api/todo.GET took 0ms. User: unknown
08/04/2024 14:46:28 /Admin.GET took 0ms. User: unknown
08/04/2024 14:46:28 /api/todo.GET took 0ms. User: unknown
08/04/2024 14:46:28 /Admin.GET took 0ms. User: unknown
08/04/2024 14:46:28 /api/todo.GET took 0ms. User: unknown
08/04/2024 14:46:28 /Admin.GET took 0ms. User: unknown
08/04/2024 14:46:28 /api/todo.GET took 0ms. User: unknown
08/04/2024 14:46:28 /api/todo.GET took 0ms. User: unknown
08/04/2024 14:46:28 /Admin.GET took 0ms. User: unknown
08/04/2024 14:46:28 /Admin.GET took 0ms. User: unknown
08/04/2024 14:46:28 /api/todo.GET took 0ms. User: unknown
08/04/2024 14:46:28 /Admin.GET took 1ms. User: unknown
08/04/2024 14:46:28 /api/todo.GET took 0ms. User: unknown
08/04/2024 14:46:29 /api/todo.GET took 0ms. User: unknown
08/04/2024 14:46:29 /Admin.GET took 0ms. User: unknown
08/04/2024 14:46:29 /Admin.GET took 0ms. User: unknown
08/04/2024 14:46:29 /api/todo.GET took 0ms. User: unknown
08/04/2024 14:46:29 /Admin.GET took 0ms. User: unknown
08/04/2024 14:46:29 /api/todo.GET took 0ms. User: unknown
08/04/2024 14:46:29 /Admin.GET took 0ms. User: unknown
08/04/2024 14:46:29 /api/todo.GET took 0ms. User: unknown
08/04/2024 14:46:47 /index.html.GET took 44ms. User: unknown
08/04/2024 14:46:47 /api/todo.GET took 69ms. User: unknown
08/04/2024 14:46:47 /Admin.GET took 71ms. User: unknown
08/04/2024 14:46:47 /Admin.GET took 3ms. User: unknown
08/04/2024 14:46:47 /api/todo.GET took 3ms. User: unknown
08/04/2024 14:46:47 /api/todo.GET took 0ms. User: unknown
08/04/2024 14:46:47 /Admin.GET took 0ms. User: unknown
08/04/2024 14:46:47 /api/todo.GET took 0ms. User: unknown
08/04/2024 14:46:47 /Admin.GET took 0ms. User: unknown
08/04/2024 14:46:47 /api/todo.GET took 0ms. User: unknown
08/04/2024 14:46:47 /Admin.GET took 0ms. User: unknown
08/04/2024 14:46:47 /Admin.GET took 0ms. User: unknown
08/04/2024 14:46:47 /api/todo.GET took 0ms. User: unknown
08/04/2024 14:46:48 /api/todo.GET took 0ms. User: unknown
08/04/2024 14:46:48 /Admin.GET took 0ms. User: unknown
08/04/2024 14:46:48 /api/todo.GET took 0ms. User: unknown
08/04/2024 14:46:48 /Admin.GET took 0ms. User: unknown
08/04/2024 14:46:48 /Admin.GET took 0ms. User: unknown
08/04/2024 14:46:48 /api/todo.GET took 0ms. User: unknown
08/04/2024 14:46:48 /Admin.GET took 0ms. User: unknown
08/04/2024 14:46:48 /api/todo.GET took 0ms. User: unknown
08/04/2024 14:46:48 /Admin.GET took 0ms. User: unknown
08/04/2024 14:46:48 /api/todo.GET took 0ms. User: unknown
08/04/2024 14:46:48 /api/todo.GET took 0ms. User: unknown
08/04/2024 14:46:48 /Admin.GET took 0ms. User: unknown
08/04/2024 14:46:48 /api/todo.GET took 1ms. User: unknown
08/04/2024 14:46:48 /Admin.GET took 1ms. User: unknown
08/04/2024 14:46:48 /Admin.GET took 0ms. User: unknown
08/04/2024 14:46:48 /api/todo.GET took 0ms. User: unknown
08/04/2024 14:46:48 /Admin.GET took 0ms. User: unknown
08/04/2024 14:46:48 /api/todo.GET took 0ms. User: unknown
08/04/2024 14:46:49 /Admin.GET took 0ms. User: unknown
08/04/2024 14:46:49 /api/todo.GET took 0ms. User: unknown
08/04/2024 14:46:49 /api/todo.GET took 0ms. User: unknown
08/04/2024 14:46:49 /Admin.GET took 0ms. User: unknown
08/04/2024 14:46:49 /api/todo.GET took 0ms. User: unknown
08/04/2024 14:46:49 /Admin.GET took 0ms. User: unknown
08/04/2024 14:46:49 /api/todo.GET took 0ms. User: unknown
08/04/2024 14:46:49 /Admin.GET took 0ms. User: unknown
08/04/2024 14:46:49 /api/todo.GET took 0ms. User: unknown
08/04/2024 14:46:49 /Admin.GET took 0ms. User: unknown
08/04/2024 14:46:49 /Admin.GET took 0ms. User: unknown
08/04/2024 14:46:49 /api/todo.GET took 0ms. User: unknown
08/04/2024 14:46:49 /js/login.js.GET took 0ms. User: unknown
08/04/2024 14:46:49 /css/index.css.GET took 0ms. User: unknown
08/04/2024 14:46:49 /js/tasks.js.GET took 0ms. User: unknown
08/04/2024 14:46:49 /css/site.css.GET took 0ms. User: unknown
08/04/2024 14:46:49 /Admin.GET took 0ms. User: unknown
08/04/2024 14:46:49 /api/todo.GET took 0ms. User: unknown
08/04/2024 14:46:49 /index.html.GET took 0ms. User: unknown
08/04/2024 14:46:49 /Admin.GET took 0ms. User: unknown
08/04/2024 14:46:49 /api/todo.GET took 0ms. User: unknown
08/04/2024 14:46:49 /api/todo.GET took 0ms. User: unknown
08/04/2024 14:46:49 /Admin.GET took 0ms. User: unknown
08/04/2024 14:46:50 /Admin.GET took 0ms. User: unknown
08/04/2024 14:46:50 /api/todo.GET took 0ms. User: unknown
08/04/2024 14:46:50 /Admin.GET took 0ms. User: unknown
08/04/2024 14:46:50 /api/todo.GET took 1ms. User: unknown
08/04/2024 14:46:50 /api/todo.GET took 0ms. User: unknown
08/04/2024 14:46:50 /Admin.GET took 0ms. User: unknown
08/04/2024 14:46:50 /api/todo.GET took 0ms. User: unknown
08/04/2024 14:46:50 /Admin.GET took 1ms. User: unknown
08/04/2024 14:46:50 /Admin.GET took 0ms. User: unknown
08/04/2024 14:46:50 /api/todo.GET took 0ms. User: unknown
08/04/2024 14:46:53 /api/todo.GET took 0ms. User: unknown
08/04/2024 14:46:53 /Admin.GET took 0ms. User: unknown
08/04/2024 14:46:53 /Admin.GET took 0ms. User: unknown
08/04/2024 14:46:53 /api/todo.GET took 0ms. User: unknown
08/04/2024 14:46:53 /api/todo.GET took 0ms. User: unknown
08/04/2024 14:46:53 /Admin.GET took 0ms. User: unknown
08/04/2024 14:46:53 /Admin.GET took 0ms. User: unknown
08/04/2024 14:46:53 /api/todo.GET took 0ms. User: unknown
08/04/2024 14:46:53 /Admin.GET took 0ms. User: unknown
08/04/2024 14:46:53 /api/todo.GET took 0ms. User: unknown
08/04/2024 14:46:53 /api/todo.GET took 0ms. User: unknown
08/04/2024 14:46:53 /Admin.GET took 0ms. User: unknown
08/04/2024 14:46:54 /api/todo.GET took 0ms. User: unknown
08/04/2024 14:46:54 /Admin.GET took 0ms. User: unknown
08/04/2024 14:46:54 /Admin.GET took 0ms. User: unknown
08/04/2024 14:46:54 /api/todo.GET took 0ms. User: unknown
08/04/2024 14:46:54 /Admin.GET took 0ms. User: unknown
08/04/2024 14:46:54 /api/todo.GET took 0ms. User: unknown
08/04/2024 14:46:54 /Admin.GET took 0ms. User: unknown
08/04/2024 14:46:54 /api/todo.GET took 0ms. User: unknown
08/04/2024 14:46:54 /Admin.GET took 0ms. User: unknown
08/04/2024 14:46:54 /api/todo.GET took 0ms. User: unknown
08/04/2024 14:46:54 /api/todo.GET took 0ms. User: unknown
08/04/2024 14:46:54 /Admin.GET took 0ms. User: unknown
08/04/2024 14:46:54 /api/todo.GET took 0ms. User: unknown
08/04/2024 14:46:54 /Admin.GET took 0ms. User: unknown
08/04/2024 14:46:55 /Admin.GET took 0ms. User: unknown
08/04/2024 14:46:55 /api/todo.GET took 0ms. User: unknown
08/04/2024 14:46:55 /api/todo.GET took 0ms. User: unknown
08/04/2024 14:46:55 /Admin.GET took 0ms. User: unknown
08/04/2024 14:46:55 /Admin.GET took 0ms. User: unknown
08/04/2024 14:46:55 /api/todo.GET took 0ms. User: unknown
08/04/2024 14:46:55 /api/todo.GET took 0ms. User: unknown
08/04/2024 14:46:55 /Admin.GET took 0ms. User: unknown
08/04/2024 14:46:55 /api/todo.GET took 0ms. User: unknown
08/04/2024 14:46:55 /Admin.GET took 0ms. User: unknown
08/04/2024 14:46:55 /Admin.GET took 0ms. User: unknown
08/04/2024 14:46:55 /api/todo.GET took 0ms. User: unknown
08/04/2024 14:47:05 /index.html.GET took 6ms. User: unknown
08/04/2024 14:47:05 /js/login.js.GET took 0ms. User: unknown
08/04/2024 14:47:05 /css/index.css.GET took 0ms. User: unknown
08/04/2024 14:47:05 /tasks.html.GET took 4ms. User: unknown
08/04/2024 14:47:05 /css/site.css.GET took 1ms. User: unknown
08/04/2024 14:47:05 /js/tasks.js.GET took 2ms. User: unknown
08/04/2024 14:47:06 /css/site.css.GET took 0ms. User: unknown
08/04/2024 14:47:06 /js/tasks.js.GET took 0ms. User: unknown
08/04/2024 14:47:06 /favicon.ico.GET took 0ms. User: unknown
08/04/2024 14:47:06 /Admin.GET took 169ms. User: 0
08/04/2024 14:47:06 /api/todo.GET took 170ms. User: 0
08/04/2024 14:47:41 /index.html.GET took 50ms. User: unknown
08/04/2024 14:47:41 /js/login.js.GET took 0ms. User: unknown
08/04/2024 14:47:41 /css/index.css.GET took 0ms. User: unknown
08/04/2024 14:47:41 /tasks.html.GET took 1ms. User: unknown
08/04/2024 14:47:41 /css/site.css.GET took 1ms. User: unknown
08/04/2024 14:47:41 /js/tasks.js.GET took 1ms. User: unknown
08/04/2024 14:47:41 /Admin.GET took 81ms. User: unknown
08/04/2024 14:47:41 /api/todo.GET took 80ms. User: unknown
08/04/2024 14:47:41 /index.html.GET took 1ms. User: unknown
08/04/2024 14:47:42 /Admin.GET took 4ms. User: unknown
08/04/2024 14:47:42 /api/todo.GET took 4ms. User: unknown
08/04/2024 14:47:42 /api/todo.GET took 0ms. User: unknown
08/04/2024 14:47:42 /Admin.GET took 0ms. User: unknown
08/04/2024 14:47:42 /Admin.GET took 0ms. User: unknown
08/04/2024 14:47:42 /api/todo.GET took 0ms. User: unknown
08/04/2024 14:47:42 /Admin.GET took 0ms. User: unknown
08/04/2024 14:47:42 /api/todo.GET took 0ms. User: unknown
08/04/2024 14:47:42 /Admin.GET took 0ms. User: unknown
08/04/2024 14:47:42 /api/todo.GET took 0ms. User: unknown
08/04/2024 14:47:42 /Admin.GET took 0ms. User: unknown
08/04/2024 14:47:42 /api/todo.GET took 0ms. User: unknown
08/04/2024 14:47:42 /Admin.GET took 0ms. User: unknown
08/04/2024 14:47:42 /api/todo.GET took 0ms. User: unknown
08/04/2024 14:47:42 /api/todo.GET took 0ms. User: unknown
08/04/2024 14:47:42 /Admin.GET took 0ms. User: unknown
08/04/2024 14:47:42 /api/todo.GET took 0ms. User: unknown
08/04/2024 14:47:42 /Admin.GET took 0ms. User: unknown
08/04/2024 14:47:43 /api/todo.GET took 0ms. User: unknown
08/04/2024 14:47:43 /Admin.GET took 0ms. User: unknown
08/04/2024 14:47:43 /api/todo.GET took 0ms. User: unknown
08/04/2024 14:47:43 /Admin.GET took 0ms. User: unknown
08/04/2024 14:47:43 /Admin.GET took 0ms. User: unknown
08/04/2024 14:47:43 /api/todo.GET took 0ms. User: unknown
08/04/2024 14:47:43 /Admin.GET took 0ms. User: unknown
08/04/2024 14:47:43 /api/todo.GET took 0ms. User: unknown
08/04/2024 14:47:43 /api/todo.GET took 0ms. User: unknown
08/04/2024 14:47:43 /Admin.GET took 0ms. User: unknown
08/04/2024 14:47:43 /api/todo.GET took 0ms. User: unknown
08/04/2024 14:47:43 /Admin.GET took 0ms. User: unknown
08/04/2024 14:47:43 /api/todo.GET took 0ms. User: unknown
08/04/2024 14:47:43 /Admin.GET took 0ms. User: unknown
08/04/2024 14:47:43 /Admin.GET took 0ms. User: unknown
08/04/2024 14:47:43 /api/todo.GET took 0ms. User: unknown
08/04/2024 14:47:43 /api/todo.GET took 0ms. User: unknown
08/04/2024 14:47:43 /Admin.GET took 0ms. User: unknown
08/04/2024 14:47:44 /api/todo.GET took 0ms. User: unknown
08/04/2024 14:47:44 /Admin.GET took 0ms. User: unknown
08/04/2024 14:47:44 /api/todo.GET took 0ms. User: unknown
08/04/2024 14:47:44 /Admin.GET took 0ms. User: unknown
08/04/2024 14:47:44 /api/todo.GET took 0ms. User: unknown
08/04/2024 14:47:44 /Admin.GET took 0ms. User: unknown
08/04/2024 14:47:44 /Admin.GET took 0ms. User: unknown
08/04/2024 14:47:44 /api/todo.GET took 0ms. User: unknown
08/04/2024 14:47:44 /Admin.GET took 0ms. User: unknown
08/04/2024 14:47:44 /api/todo.GET took 0ms. User: unknown
08/04/2024 14:47:44 /api/todo.GET took 0ms. User: unknown
08/04/2024 14:47:44 /Admin.GET took 0ms. User: unknown
08/04/2024 14:47:44 /api/todo.GET took 0ms. User: unknown
08/04/2024 14:47:44 /Admin.GET took 0ms. User: unknown
08/04/2024 14:47:44 /api/todo.GET took 0ms. User: unknown
08/04/2024 14:47:44 /Admin.GET took 0ms. User: unknown
08/04/2024 14:47:45 /api/todo.GET took 0ms. User: unknown
08/04/2024 14:47:45 /Admin.GET took 0ms. User: unknown
08/04/2024 14:47:45 /Admin.GET took 0ms. User: unknown
08/04/2024 14:47:45 /api/todo.GET took 0ms. User: unknown
08/04/2024 14:47:45 /Admin.GET took 0ms. User: unknown
08/04/2024 14:47:45 /api/todo.GET took 0ms. User: unknown
08/04/2024 14:47:45 /Admin.GET took 0ms. User: unknown
08/04/2024 14:47:45 /api/todo.GET took 0ms. User: unknown
08/04/2024 14:47:45 /Admin.GET took 0ms. User: unknown
08/04/2024 14:47:45 /api/todo.GET took 0ms. User: unknown
08/04/2024 14:47:45 /Admin.GET took 0ms. User: unknown
08/04/2024 14:47:45 /api/todo.GET took 0ms. User: unknown
08/04/2024 14:47:45 /api/todo.GET took 0ms. User: unknown
08/04/2024 14:47:45 /Admin.GET took 0ms. User: unknown
08/04/2024 14:47:45 /api/todo.GET took 0ms. User: unknown
08/04/2024 14:47:45 /Admin.GET took 0ms. User: unknown
08/04/2024 14:47:45 /Admin.GET took 0ms. User: unknown
08/04/2024 14:47:45 /api/todo.GET took 0ms. User: unknown
08/04/2024 14:47:46 /api/todo.GET took 0ms. User: unknown
08/04/2024 14:47:46 /Admin.GET took 0ms. User: unknown
08/04/2024 14:47:46 /Admin.GET took 0ms. User: unknown
08/04/2024 14:47:46 /api/todo.GET took 0ms. User: unknown
08/04/2024 14:47:46 /Admin.GET took 0ms. User: unknown
08/04/2024 14:47:46 /api/todo.GET took 0ms. User: unknown
08/04/2024 14:47:46 /api/todo.GET took 0ms. User: unknown
08/04/2024 14:47:46 /Admin.GET took 0ms. User: unknown
08/04/2024 14:47:46 /api/todo.GET took 0ms. User: unknown
08/04/2024 14:47:46 /Admin.GET took 0ms. User: unknown
08/04/2024 14:47:46 /api/todo.GET took 0ms. User: unknown
08/04/2024 14:47:46 /Admin.GET took 0ms. User: unknown
08/04/2024 14:47:46 /Admin.GET took 0ms. User: unknown
08/04/2024 14:47:46 /api/todo.GET took 0ms. User: unknown
08/04/2024 14:47:46 /Admin.GET took 0ms. User: unknown
08/04/2024 14:47:46 /api/todo.GET took 0ms. User: unknown
08/04/2024 14:47:46 /api/todo.GET took 0ms. User: unknown
08/04/2024 14:47:46 /Admin.GET took 0ms. User: unknown
08/04/2024 14:47:47 /api/todo.GET took 0ms. User: unknown
08/04/2024 14:47:47 /Admin.GET took 0ms. User: unknown
08/04/2024 14:47:47 /Admin.GET took 0ms. User: unknown
08/04/2024 14:47:47 /api/todo.GET took 0ms. User: unknown
08/04/2024 14:47:47 /Admin.GET took 0ms. User: unknown
08/04/2024 14:47:47 /api/todo.GET took 0ms. User: unknown
08/04/2024 14:47:47 /Admin.GET took 0ms. User: unknown
08/04/2024 14:47:47 /api/todo.GET took 0ms. User: unknown
08/04/2024 14:47:47 /Admin.GET took 0ms. User: unknown
08/04/2024 14:47:47 /api/todo.GET took 0ms. User: unknown
08/04/2024 14:47:47 /Admin.GET took 0ms. User: unknown
08/04/2024 14:47:47 /api/todo.GET took 0ms. User: unknown
08/04/2024 14:47:47 /api/todo.GET took 0ms. User: unknown
08/04/2024 14:47:47 /Admin.GET took 0ms. User: unknown
08/04/2024 14:47:48 /api/todo.GET took 0ms. User: unknown
08/04/2024 14:47:48 /Admin.GET took 0ms. User: unknown
08/04/2024 14:47:48 /Admin.GET took 0ms. User: unknown
08/04/2024 14:47:48 /api/todo.GET took 0ms. User: unknown
08/04/2024 14:47:48 /Admin.GET took 0ms. User: unknown
08/04/2024 14:47:48 /api/todo.GET took 0ms. User: unknown
08/04/2024 14:47:48 /api/todo.GET took 0ms. User: unknown
08/04/2024 14:47:48 /Admin.GET took 0ms. User: unknown
08/04/2024 14:47:48 /api/todo.GET took 0ms. User: unknown
08/04/2024 14:47:48 /Admin.GET took 0ms. User: unknown
08/04/2024 14:47:48 /api/todo.GET took 0ms. User: unknown
08/04/2024 14:47:48 /Admin.GET took 0ms. User: unknown
08/04/2024 14:47:48 /Admin.GET took 0ms. User: unknown
08/04/2024 14:47:48 /api/todo.GET took 0ms. User: unknown
08/04/2024 14:47:49 /api/todo.GET took 0ms. User: unknown
08/04/2024 14:47:49 /Admin.GET took 0ms. User: unknown
08/04/2024 14:47:49 /api/todo.GET took 0ms. User: unknown
08/04/2024 14:47:49 /Admin.GET took 0ms. User: unknown
08/04/2024 14:47:49 /Admin.GET took 0ms. User: unknown
08/04/2024 14:47:49 /api/todo.GET took 0ms. User: unknown
08/04/2024 14:47:49 /Admin.GET took 0ms. User: unknown
08/04/2024 14:47:49 /api/todo.GET took 0ms. User: unknown
08/04/2024 14:47:49 /Admin.GET took 0ms. User: unknown
08/04/2024 14:47:49 /api/todo.GET took 0ms. User: unknown
08/04/2024 14:47:49 /api/todo.GET took 0ms. User: unknown
08/04/2024 14:47:49 /Admin.GET took 0ms. User: unknown
08/04/2024 14:47:49 /Admin.GET took 0ms. User: unknown
08/04/2024 14:47:49 /api/todo.GET took 0ms. User: unknown
08/04/2024 14:47:52 /api/todo.GET took 0ms. User: unknown
08/04/2024 14:47:52 /Admin.GET took 0ms. User: unknown
08/04/2024 14:47:52 /api/todo.GET took 0ms. User: unknown
08/04/2024 14:47:52 /Admin.GET took 0ms. User: unknown
08/04/2024 14:47:52 /Admin.GET took 0ms. User: unknown
08/04/2024 14:47:52 /api/todo.GET took 0ms. User: unknown
08/04/2024 14:47:52 /api/todo.GET took 0ms. User: unknown
08/04/2024 14:47:52 /Admin.GET took 0ms. User: unknown
08/04/2024 14:47:52 /api/todo.GET took 0ms. User: unknown
08/04/2024 14:47:52 /Admin.GET took 0ms. User: unknown
08/04/2024 14:47:53 /api/todo.GET took 0ms. User: unknown
08/04/2024 14:47:53 /Admin.GET took 0ms. User: unknown
08/04/2024 14:47:53 /Admin.GET took 0ms. User: unknown
08/04/2024 14:47:53 /api/todo.GET took 0ms. User: unknown
08/04/2024 14:47:53 /api/todo.GET took 0ms. User: unknown
08/04/2024 14:47:53 /Admin.GET took 0ms. User: unknown
08/04/2024 14:47:53 /api/todo.GET took 0ms. User: unknown
08/04/2024 14:47:53 /Admin.GET took 0ms. User: unknown
